Svemir (Depth-first search)
S -> A -> C -> E -> F -> G [38]
S(1)
├─A(2)
│ ├─C(3)
│ │ ├─B(4)
│ │ └─E(5)
│ │   ├─F(6)
│ │   │ └─G(7)
│ │   └─G
│ └─D
├─D
└─B

Svemir (Breadth-first search)
S -> D -> G [17]
S(8)
├─A(9)
│ ├─C
│ └─D
├─B(10)
│ └─C
└─D(11)
  ├─A
  └─G

Svemir (Best-first search)
S -> B -> C -> E -> G [33]
S(12)[0]
├─A[21]
├─B(13)[20]
│ └─C(14)[12]
│   ├─A[21]
│   └─E(15)[8]
│     ├─F[11]
│     └─G(16)[0]
└─D[22]

Svemir (Branch-and-bound search)
S -> D -> G [17]
S(17)[0]
├─A(18)[6]
│ ├─C(21)[13]
│ │ ├─B[21]
│ │ └─E[21]
│ └─D[14]
├─B(20)[9]
│ └─C[17]
└─D(19)[7]
  ├─A[15]
  └─G(22)[17]

Svemir (A* search)
S -> D -> G [17]
S(23)[0+0]
├─A(24)[6+21]
│ ├─C(25)[13+12]
│ │ ├─B[21+20]
│ │ └─E[21+8]
│ └─D[14+22]
├─B(26)[9+20]
│ └─C(27)[17+12]
│   ├─A[24+21]
│   └─E[25+8]
└─D(28)[7+22]
  ├─A[15+21]
  └─G(29)[17+0]

